D:\VTK\TUTORAL\EVENTQTSLOTCONNECT\EVENTQTSLOTCONNECT\BUILD\CMAKEFILES\GENERATE.STAMP
D:\VTK\tutoral\EventQtSlotConnect\EventQtSlotConnect\build\EventQtSlotConnect.dir\Release\cl.command.1.tlog
D:\VTK\tutoral\EventQtSlotConnect\EventQtSlotConnect\build\EventQtSlotConnect.dir\Release\CL.read.1.tlog
D:\VTK\tutoral\EventQtSlotConnect\EventQtSlotConnect\build\EventQtSlotConnect.dir\Release\CL.write.1.tlog
D:\VTK\tutoral\EventQtSlotConnect\EventQtSlotConnect\build\EventQtSlotConnect.dir\Release\custombuild.command.1.tlog
D:\VTK\tutoral\EventQtSlotConnect\EventQtSlotConnect\build\EventQtSlotConnect.dir\Release\custombuild.read.1.tlog
D:\VTK\tutoral\EventQtSlotConnect\EventQtSlotConnect\build\EventQtSlotConnect.dir\Release\custombuild.write.1.tlog
D:\VTK\TUTORAL\EVENTQTSLOTCONNECT\EVENTQTSLOTCONNECT\BUILD\EVENTQTSLOTCONNECT.DIR\RELEASE\EVENTQTSLOTCONNECT.EXE.INTERMEDIATE.MANIFEST
D:\VTK\TUTORAL\EVENTQTSLOTCONNECT\EVENTQTSLOTCONNECT\BUILD\EVENTQTSLOTCONNECT.DIR\RELEASE\EVENTQTSLOTCONNECT.OBJ
D:\VTK\tutoral\EventQtSlotConnect\EventQtSlotConnect\build\EventQtSlotConnect.dir\Release\EventQtSlotConnect.write.1.tlog
D:\VTK\TUTORAL\EVENTQTSLOTCONNECT\EVENTQTSLOTCONNECT\BUILD\EVENTQTSLOTCONNECT.DIR\RELEASE\EVENTQTSLOTCONNECTDRIVER.OBJ
D:\VTK\tutoral\EventQtSlotConnect\EventQtSlotConnect\build\EventQtSlotConnect.dir\Release\link.command.1.tlog
D:\VTK\tutoral\EventQtSlotConnect\EventQtSlotConnect\build\EventQtSlotConnect.dir\Release\link.read.1.tlog
D:\VTK\tutoral\EventQtSlotConnect\EventQtSlotConnect\build\EventQtSlotConnect.dir\Release\link.write.1.tlog
D:\VTK\TUTORAL\EVENTQTSLOTCONNECT\EVENTQTSLOTCONNECT\BUILD\EVENTQTSLOTCONNECT.DIR\RELEASE\MOC_EVENTQTSLOTCONNECT.OBJ
D:\VTK\TUTORAL\EVENTQTSLOTCONNECT\EVENTQTSLOTCONNECT\BUILD\EVENTQTSLOTCONNECT.DIR\RELEASE\MOC_VORONOISKELETONTOOL.OBJ
D:\VTK\tutoral\EventQtSlotConnect\EventQtSlotConnect\build\EventQtSlotConnect.dir\Release\mt.command.1.tlog
D:\VTK\tutoral\EventQtSlotConnect\EventQtSlotConnect\build\EventQtSlotConnect.dir\Release\mt.read.1.tlog
D:\VTK\tutoral\EventQtSlotConnect\EventQtSlotConnect\build\EventQtSlotConnect.dir\Release\mt.write.1.tlog
D:\VTK\TUTORAL\EVENTQTSLOTCONNECT\EVENTQTSLOTCONNECT\BUILD\EVENTQTSLOTCONNECT.DIR\RELEASE\SHORTESTPATH.OBJ
D:\VTK\TUTORAL\EVENTQTSLOTCONNECT\EVENTQTSLOTCONNECT\BUILD\EVENTQTSLOTCONNECT.DIR\RELEASE\VORONOISKELETONTOOL.OBJ
D:\VTK\TUTORAL\EVENTQTSLOTCONNECT\EVENTQTSLOTCONNECT\BUILD\EVENTQTSLOTCONNECT.DIR\RELEASE\VTKMESHSHORTESTDISTANCE.OBJ
D:\VTK\TUTORAL\EVENTQTSLOTCONNECT\EVENTQTSLOTCONNECT\BUILD\MOC_EVENTQTSLOTCONNECT.CXX
D:\VTK\TUTORAL\EVENTQTSLOTCONNECT\EVENTQTSLOTCONNECT\BUILD\MOC_VORONOISKELETONTOOL.CXX
D:\VTK\TUTORAL\EVENTQTSLOTCONNECT\EVENTQTSLOTCONNECT\BUILD\RELEASE\EVENTQTSLOTCONNECT.EXE
D:\VTK\tutoral\EventQtSlotConnect\EventQtSlotConnect\build\Release\EventQtSlotConnect.exp
D:\VTK\tutoral\EventQtSlotConnect\EventQtSlotConnect\build\Release\EventQtSlotConnect.lib
D:\VTK\TUTORAL\EVENTQTSLOTCONNECT\EVENTQTSLOTCONNECT\BUILD\RELEASE\EVENTQTSLOTCONNECT.PDB
D:\VTK\TUTORAL\EVENTQTSLOTCONNECT\EVENTQTSLOTCONNECT\BUILD\UI_EVENTQTSLOTCONNECT.H
