D:\VTK\TUTORAL\EVENTQTSLOTCONNECT\EVENTQTSLOTCONNECT\BUILD\CMAKEFILES\GENERATE.STAMP
D:\VTK\TUTORAL\EVENTQTSLOTCONNECT\EVENTQTSLOTCONNECT\BUILD\DEBUG\EVENTQTSLOTCONNECT.EXE
D:\VTK\tutoral\EventQtSlotConnect\EventQtSlotConnect\build\Debug\EventQtSlotConnect.exp
D:\VTK\TUTORAL\EVENTQTSLOTCONNECT\EVENTQTSLOTCONNECT\BUILD\DEBUG\EVENTQTSLOTCONNECT.ILK
D:\VTK\tutoral\EventQtSlotConnect\EventQtSlotConnect\build\Debug\EventQtSlotConnect.lib
D:\VTK\TUTORAL\EVENTQTSLOTCONNECT\EVENTQTSLOTCONNECT\BUILD\DEBUG\EVENTQTSLOTCONNECT.PDB
D:\VTK\tutoral\EventQtSlotConnect\EventQtSlotConnect\build\EventQtSlotConnect.dir\Debug\cl.command.1.tlog
D:\VTK\tutoral\EventQtSlotConnect\EventQtSlotConnect\build\EventQtSlotConnect.dir\Debug\CL.read.1.tlog
D:\VTK\tutoral\EventQtSlotConnect\EventQtSlotConnect\build\EventQtSlotConnect.dir\Debug\CL.write.1.tlog
D:\VTK\tutoral\EventQtSlotConnect\EventQtSlotConnect\build\EventQtSlotConnect.dir\Debug\custombuild.command.1.tlog
D:\VTK\tutoral\EventQtSlotConnect\EventQtSlotConnect\build\EventQtSlotConnect.dir\Debug\custombuild.read.1.tlog
D:\VTK\tutoral\EventQtSlotConnect\EventQtSlotConnect\build\EventQtSlotConnect.dir\Debug\custombuild.write.1.tlog
D:\VTK\TUTORAL\EVENTQTSLOTCONNECT\EVENTQTSLOTCONNECT\BUILD\EVENTQTSLOTCONNECT.DIR\DEBUG\EVENTQTSLOTCONNECT.EXE.EMBED.MANIFEST
D:\VTK\TUTORAL\EVENTQTSLOTCONNECT\EVENTQTSLOTCONNECT\BUILD\EVENTQTSLOTCONNECT.DIR\DEBUG\EVENTQTSLOTCONNECT.EXE.EMBED.MANIFEST.RES
D:\VTK\TUTORAL\EVENTQTSLOTCONNECT\EVENTQTSLOTCONNECT\BUILD\EVENTQTSLOTCONNECT.DIR\DEBUG\EVENTQTSLOTCONNECT.EXE.INTERMEDIATE.MANIFEST
D:\VTK\TUTORAL\EVENTQTSLOTCONNECT\EVENTQTSLOTCONNECT\BUILD\EVENTQTSLOTCONNECT.DIR\DEBUG\EVENTQTSLOTCONNECT.OBJ
D:\VTK\tutoral\EventQtSlotConnect\EventQtSlotConnect\build\EventQtSlotConnect.dir\Debug\EventQtSlotConnect.vcxprojResolveAssemblyReference.cache
D:\VTK\tutoral\EventQtSlotConnect\EventQtSlotConnect\build\EventQtSlotConnect.dir\Debug\EventQtSlotConnect.write.1.tlog
D:\VTK\tutoral\EventQtSlotConnect\EventQtSlotConnect\build\EventQtSlotConnect.dir\Debug\EventQtSlotConnect_manifest.rc
D:\VTK\TUTORAL\EVENTQTSLOTCONNECT\EVENTQTSLOTCONNECT\BUILD\EVENTQTSLOTCONNECT.DIR\DEBUG\EVENTQTSLOTCONNECTDRIVER.OBJ
D:\VTK\tutoral\EventQtSlotConnect\EventQtSlotConnect\build\EventQtSlotConnect.dir\Debug\link.9384.read.1.tlog
D:\VTK\tutoral\EventQtSlotConnect\EventQtSlotConnect\build\EventQtSlotConnect.dir\Debug\link.9384.write.1.tlog
D:\VTK\tutoral\EventQtSlotConnect\EventQtSlotConnect\build\EventQtSlotConnect.dir\Debug\link.9384-cvtres.read.1.tlog
D:\VTK\tutoral\EventQtSlotConnect\EventQtSlotConnect\build\EventQtSlotConnect.dir\Debug\link.9384-cvtres.write.1.tlog
D:\VTK\tutoral\EventQtSlotConnect\EventQtSlotConnect\build\EventQtSlotConnect.dir\Debug\link.command.1.tlog
D:\VTK\tutoral\EventQtSlotConnect\EventQtSlotConnect\build\EventQtSlotConnect.dir\Debug\link.read.1.tlog
D:\VTK\tutoral\EventQtSlotConnect\EventQtSlotConnect\build\EventQtSlotConnect.dir\Debug\link.write.1.tlog
D:\VTK\tutoral\EventQtSlotConnect\EventQtSlotConnect\build\EventQtSlotConnect.dir\Debug\link-cvtres.read.1.tlog
D:\VTK\tutoral\EventQtSlotConnect\EventQtSlotConnect\build\EventQtSlotConnect.dir\Debug\link-cvtres.write.1.tlog
D:\VTK\TUTORAL\EVENTQTSLOTCONNECT\EVENTQTSLOTCONNECT\BUILD\EVENTQTSLOTCONNECT.DIR\DEBUG\MOC_EVENTQTSLOTCONNECT.OBJ
D:\VTK\TUTORAL\EVENTQTSLOTCONNECT\EVENTQTSLOTCONNECT\BUILD\EVENTQTSLOTCONNECT.DIR\DEBUG\MOC_VORONOISKELETONTOOL.OBJ
D:\VTK\tutoral\EventQtSlotConnect\EventQtSlotConnect\build\EventQtSlotConnect.dir\Debug\mt.command.1.tlog
D:\VTK\tutoral\EventQtSlotConnect\EventQtSlotConnect\build\EventQtSlotConnect.dir\Debug\mt.read.1.tlog
D:\VTK\tutoral\EventQtSlotConnect\EventQtSlotConnect\build\EventQtSlotConnect.dir\Debug\mt.write.1.tlog
D:\VTK\tutoral\EventQtSlotConnect\EventQtSlotConnect\build\EventQtSlotConnect.dir\Debug\rc.command.1.tlog
D:\VTK\tutoral\EventQtSlotConnect\EventQtSlotConnect\build\EventQtSlotConnect.dir\Debug\rc.read.1.tlog
D:\VTK\tutoral\EventQtSlotConnect\EventQtSlotConnect\build\EventQtSlotConnect.dir\Debug\rc.write.1.tlog
D:\VTK\TUTORAL\EVENTQTSLOTCONNECT\EVENTQTSLOTCONNECT\BUILD\EVENTQTSLOTCONNECT.DIR\DEBUG\SHORTESTPATH.OBJ
D:\VTK\TUTORAL\EVENTQTSLOTCONNECT\EVENTQTSLOTCONNECT\BUILD\EVENTQTSLOTCONNECT.DIR\DEBUG\VORONOISKELETONTOOL.OBJ
D:\VTK\TUTORAL\EVENTQTSLOTCONNECT\EVENTQTSLOTCONNECT\BUILD\EVENTQTSLOTCONNECT.DIR\DEBUG\VTKMESHSHORTESTDISTANCE.OBJ
D:\VTK\TUTORAL\EVENTQTSLOTCONNECT\EVENTQTSLOTCONNECT\BUILD\MOC_EVENTQTSLOTCONNECT.CXX
D:\VTK\TUTORAL\EVENTQTSLOTCONNECT\EVENTQTSLOTCONNECT\BUILD\MOC_VORONOISKELETONTOOL.CXX
D:\VTK\TUTORAL\EVENTQTSLOTCONNECT\EVENTQTSLOTCONNECT\BUILD\UI_EVENTQTSLOTCONNECT.H
